client=c service=b time=0.11
client=c service=w time=0.165
client=x service=z time=0.19
client=x service=b time=0.004
client=a service=x time=0.358
client=x service=z time=0.043
client=c service=w time=0.314
client=a service=x time=0.171
client=b service=z time=0.294
client=c service=y time=0.343
client=c service=z time=0.355
client=a service=b time=0.009
client=b service=y time=0.237
client=c service=x time=0.294
client=x service=y time=0.326
client=x service=z time=0.177
client=x service=z time=0.367
client=a service=b time=0.325
client=b service=y time=0.15
client=b service=x time=0.156
client=a service=c time=0.066
client=c service=x time=0.26
client=x service=z time=0.249
client=a service=y time=0.316
client=c service=y time=0.132
client=x service=b time=0.345
client=b service=w time=0.055
client=b service=c time=0.354
client=x service=z time=0.046
client=b service=x time=0.355
client=b service=c time=0.391
client=a service=c time=0.198
client=x service=z time=0.362
client=a service=x time=0.037
client=b service=x time=0.189
client=b service=x time=0.053
client=b service=z time=0.163
client=c service=w time=0.299
client=a service=x time=0.151
client=c service=z time=0.17
client=a service=y time=0.11
client=x service=c time=0.305
client=a service=z time=0.254
client=c service=b time=0.26
client=a service=y time=0.209
client=c service=x time=0.362
client=b service=z time=0.245
client=c service=w time=0.242
client=a service=y time=0.312
client=x service=w time=0.051
client=b service=y time=0.009
client=b service=x time=0.359
client=b service=x time=0.147
client=a service=z time=0.052
client=c service=x time=0.137
client=c service=x time=0.163
client=x service=z time=0.261
client=c service=z time=0.048
client=c service=w time=0.342
client=c service=y time=0.05